[2026-06-28 12:08:09] [INFO] =================================
[2026-06-28 12:08:09] [INFO]  機器人已成功上線！
[2026-06-28 12:08:09] [INFO]  機器人名稱: 神的語言 (ID: 1470993581727813705)
[2026-06-28 12:08:09] [INFO]  目前連線到 3 個伺服器
[2026-06-28 12:08:09] [INFO] =================================
[2026-06-28 12:08:09] [INFO] ✓ 成功載入功能模組: cogs.comic
[2026-06-28 12:08:09] [INFO] ✓ 成功載入功能模組: cogs.admin
[2026-06-28 12:08:09] [INFO] ✓ 成功載入功能模組: cogs.fixlink
[2026-06-28 12:08:09] [INFO] 📡 [Log 轉發] 已自動還原轉發頻道：#測試監控 (mrtoasterrr 的伺服器)
[2026-06-28 12:08:09] [INFO] ✓ 成功載入功能模組: cogs.logrelay
[2026-06-28 12:08:09] [INFO] ✓ 成功載入功能模組: cogs.nzip
[2026-06-28 12:08:09] [INFO] ✓ 成功載入功能模組: cogs.feedback
[2026-06-28 12:08:09] [INFO] ✓ 成功載入功能模組: cogs.profile_card
[2026-06-28 12:08:09] [INFO] ✓ 成功載入功能模組: cogs.economy
[2026-06-28 12:08:09] [INFO] 📊 [狀態同步] 已更新狀態：3個伺服器 ｜ 89位用戶
[2026-06-28 12:08:09] [INFO] ✓ 成功同步所有斜線指令！
[2026-06-28 12:10:05] [INFO] 🟢 [指令成功] 伺服器: [mrtoasterrr 的伺服器] | 使用者: mrtoasterrr(1390260262887755786) | 呼叫: /level_info () [RAM 狀態 - 機器人: 69.5MB | 系統空閒: 10392.5MB (68.0%已用)]
[2026-06-28 12:10:24] [INFO] 🟢 [指令成功] 伺服器: [mrtoasterrr 的伺服器] | 使用者: mrtoasterrr(1390260262887755786) | 呼叫: /daily () [RAM 狀態 - 機器人: 69.4MB | 系統空閒: 10402.0MB (68.0%已用)]
[2026-06-28 12:10:45] [INFO] 🟢 [指令成功] 伺服器: [mrtoasterrr 的伺服器] | 使用者: mrtoasterrr(1390260262887755786) | 呼叫: /level_info () [RAM 狀態 - 機器人: 69.4MB | 系統空閒: 10440.1MB (67.8%已用)]
[2026-06-28 12:11:03] [INFO] 🟢 [指令成功] 伺服器: [mrtoasterrr 的伺服器] | 使用者: mrtoasterrr(1390260262887755786) | 呼叫: /hourly () [RAM 狀態 - 機器人: 69.7MB | 系統空閒: 10431.1MB (67.9%已用)]
[2026-06-28 12:23:56] [INFO] =================================
[2026-06-28 12:23:56] [INFO]  機器人已成功上線！
[2026-06-28 12:23:56] [INFO]  機器人名稱: 神的語言 (ID: 1470993581727813705)
[2026-06-28 12:23:56] [INFO]  目前連線到 3 個伺服器
[2026-06-28 12:23:56] [INFO] =================================
[2026-06-28 12:23:56] [INFO] ✓ 成功載入功能模組: cogs.comic
[2026-06-28 12:23:56] [INFO] ✓ 成功載入功能模組: cogs.admin
[2026-06-28 12:23:56] [INFO] ✓ 成功載入功能模組: cogs.fixlink
[2026-06-28 12:23:56] [INFO] 📡 [Log 轉發] 已自動還原轉發頻道：#測試監控 (mrtoasterrr 的伺服器)
[2026-06-28 12:23:56] [INFO] ✓ 成功載入功能模組: cogs.logrelay
[2026-06-28 12:23:56] [INFO] ✓ 成功載入功能模組: cogs.nzip
[2026-06-28 12:23:56] [INFO] ✓ 成功載入功能模組: cogs.feedback
[2026-06-28 12:23:57] [INFO] ✓ 成功載入功能模組: cogs.profile_card
[2026-06-28 12:23:57] [INFO] ✓ 成功載入功能模組: cogs.economy
[2026-06-28 12:23:57] [INFO] 📊 [狀態同步] 已更新狀態：3個伺服器 ｜ 89位用戶
[2026-06-28 12:23:57] [INFO] ✓ 成功同步所有斜線指令！
[2026-06-29 20:47:07] [INFO] =================================
[2026-06-29 20:47:07] [INFO]  機器人已成功上線！
[2026-06-29 20:47:07] [INFO]  機器人名稱: 神的語言 (ID: 1470993581727813705)
[2026-06-29 20:47:07] [INFO]  目前連線到 3 個伺服器
[2026-06-29 20:47:07] [INFO] =================================
[2026-06-29 20:47:07] [INFO] ✓ 成功載入功能模組: cogs.comic
[2026-06-29 20:47:07] [INFO] ✓ 成功載入功能模組: cogs.admin
[2026-06-29 20:47:07] [INFO] ✓ 成功載入功能模組: cogs.fixlink
[2026-06-29 20:47:07] [INFO] 📡 [Log 轉發] 已自動還原轉發頻道：#測試監控 (mrtoasterrr 的伺服器)
[2026-06-29 20:47:07] [INFO] ✓ 成功載入功能模組: cogs.logrelay
[2026-06-29 20:47:07] [INFO] ✓ 成功載入功能模組: cogs.nzip
[2026-06-29 20:47:07] [ERROR] ❌ 模組 cogs.casino.py 載入失敗: __path__ attribute not found on 'cogs.casino' while trying to find 'cogs.casino.py'
[2026-06-29 20:47:07] [INFO] ✓ 成功載入功能模組: cogs.feedback
[2026-06-29 20:47:07] [INFO] ✓ 成功載入功能模組: cogs.profile_card
[2026-06-29 20:47:07] [INFO] ✓ 成功載入功能模組: cogs.economy
[2026-06-29 20:47:07] [INFO] 📊 [狀態同步] 已更新狀態：3個伺服器 ｜ 90位用戶
[2026-06-29 20:47:08] [INFO] ✓ 成功同步所有斜線指令！
[2026-06-29 20:47:35] [INFO] =================================
[2026-06-29 20:47:35] [INFO]  機器人已成功上線！
[2026-06-29 20:47:35] [INFO]  機器人名稱: 神的語言 (ID: 1470993581727813705)
[2026-06-29 20:47:35] [INFO]  目前連線到 3 個伺服器
[2026-06-29 20:47:35] [INFO] =================================
[2026-06-29 20:47:35] [INFO] ✓ 成功載入功能模組: cogs.comic
[2026-06-29 20:47:35] [INFO] ✓ 成功載入功能模組: cogs.admin
[2026-06-29 20:47:35] [INFO] ✓ 成功載入功能模組: cogs.fixlink
[2026-06-29 20:47:35] [INFO] 📡 [Log 轉發] 已自動還原轉發頻道：#測試監控 (mrtoasterrr 的伺服器)
[2026-06-29 20:47:35] [INFO] ✓ 成功載入功能模組: cogs.logrelay
[2026-06-29 20:47:35] [INFO] ✓ 成功載入功能模組: cogs.nzip
[2026-06-29 20:47:35] [INFO] ✓ 成功載入功能模組: cogs.casino
[2026-06-29 20:47:35] [INFO] ✓ 成功載入功能模組: cogs.feedback
[2026-06-29 20:47:35] [INFO] ✓ 成功載入功能模組: cogs.profile_card
[2026-06-29 20:47:35] [INFO] ✓ 成功載入功能模組: cogs.economy
[2026-06-29 20:47:35] [INFO] 📊 [狀態同步] 已更新狀態：3個伺服器 ｜ 90位用戶
[2026-06-29 20:48:08] [INFO] ✓ 成功同步所有斜線指令！
[2026-06-29 20:48:11] [ERROR] ☠️ [指令崩潰] 伺服器: [多動性遲緩癌] | 使用者: mrtoasterrr(1390260262887755786) | 指令: /dice [RAM 狀態 - 機器人: 68.5MB | 系統空閒: 11214.5MB (65.5%已用)]
[2026-06-29 20:48:11] [ERROR] 詳細錯誤追蹤資訊:
Traceback (most recent call last):
  File "C:\Users\user\AppData\Local\Programs\Python\Python313\Lib\site-packages\discord\app_commands\commands.py", line 858, in _do_call
    return await self._callback(self.binding, interaction, **params)  # type: ignore
           ^^^^^^^^^^^^^^^^^^^^^^^^^^^^^^^^^^^^^^^^^^^^^^^^^^^^^^^^^
  File "C:\Users\user\Desktop\JMDC有token\cogs\casino.py", line 65, in casino_dice
    p = await profile_store.get_or_create_profile(uid)
              ^^^^^^^^^^^^^^^^^^^^^^^^^^^^^^^^^^^
AttributeError: module 'cogs.profile_store' has no attribute 'get_or_create_profile'

[2026-06-29 20:51:48] [INFO] =================================
[2026-06-29 20:51:48] [INFO]  機器人已成功上線！
[2026-06-29 20:51:48] [INFO]  機器人名稱: 神的語言 (ID: 1470993581727813705)
[2026-06-29 20:51:48] [INFO]  目前連線到 3 個伺服器
[2026-06-29 20:51:48] [INFO] =================================
[2026-06-29 20:51:48] [INFO] ✓ 成功載入功能模組: cogs.comic
[2026-06-29 20:51:48] [INFO] ✓ 成功載入功能模組: cogs.admin
[2026-06-29 20:51:48] [INFO] ✓ 成功載入功能模組: cogs.fixlink
[2026-06-29 20:51:48] [INFO] 📡 [Log 轉發] 已自動還原轉發頻道：#測試監控 (mrtoasterrr 的伺服器)
[2026-06-29 20:51:48] [INFO] ✓ 成功載入功能模組: cogs.logrelay
[2026-06-29 20:51:48] [INFO] ✓ 成功載入功能模組: cogs.nzip
[2026-06-29 20:51:48] [INFO] ✓ 成功載入功能模組: cogs.casino
[2026-06-29 20:51:48] [INFO] ✓ 成功載入功能模組: cogs.feedback
[2026-06-29 20:51:48] [INFO] ✓ 成功載入功能模組: cogs.profile_card
[2026-06-29 20:51:48] [INFO] ✓ 成功載入功能模組: cogs.economy
[2026-06-29 20:51:48] [INFO] 📊 [狀態同步] 已更新狀態：3個伺服器 ｜ 90位用戶
[2026-06-29 20:51:48] [INFO] ✓ 成功同步所有斜線指令！
[2026-06-29 20:52:14] [ERROR] ☠️ [指令崩潰] 伺服器: [多動性遲緩癌] | 使用者: mrtoasterrr(1390260262887755786) | 指令: /dice [RAM 狀態 - 機器人: 69.4MB | 系統空閒: 10415.5MB (67.9%已用)]
[2026-06-29 20:52:14] [ERROR] 詳細錯誤追蹤資訊:
Traceback (most recent call last):
  File "C:\Users\user\AppData\Local\Programs\Python\Python313\Lib\site-packages\discord\app_commands\commands.py", line 858, in _do_call
    return await self._callback(self.binding, interaction, **params)  # type: ignore
           ^^^^^^^^^^^^^^^^^^^^^^^^^^^^^^^^^^^^^^^^^^^^^^^^^^^^^^^^^
  File "C:\Users\user\Desktop\JMDC有token\cogs\casino.py", line 97, in casino_dice
    await self._handle_casino_tax(tax)
  File "C:\Users\user\Desktop\JMDC有token\cogs\casino.py", line 43, in _handle_casino_tax
    g_data["current_mp"] += tax_amount
    ~~~~~~^^^^^^^^^^^^^^
KeyError: 'current_mp'

[2026-06-29 20:54:36] [INFO] =================================
[2026-06-29 20:54:36] [INFO]  機器人已成功上線！
[2026-06-29 20:54:36] [INFO]  機器人名稱: 神的語言 (ID: 1470993581727813705)
[2026-06-29 20:54:36] [INFO]  目前連線到 3 個伺服器
[2026-06-29 20:54:36] [INFO] =================================
[2026-06-29 20:54:36] [INFO] ✓ 成功載入功能模組: cogs.comic
[2026-06-29 20:54:36] [INFO] ✓ 成功載入功能模組: cogs.admin
[2026-06-29 20:54:36] [INFO] ✓ 成功載入功能模組: cogs.fixlink
[2026-06-29 20:54:36] [INFO] 📡 [Log 轉發] 已自動還原轉發頻道：#測試監控 (mrtoasterrr 的伺服器)
[2026-06-29 20:54:36] [INFO] ✓ 成功載入功能模組: cogs.logrelay
[2026-06-29 20:54:36] [INFO] ✓ 成功載入功能模組: cogs.nzip
[2026-06-29 20:54:36] [INFO] ✓ 成功載入功能模組: cogs.casino
[2026-06-29 20:54:36] [INFO] ✓ 成功載入功能模組: cogs.feedback
[2026-06-29 20:54:36] [INFO] ✓ 成功載入功能模組: cogs.profile_card
[2026-06-29 20:54:36] [INFO] ✓ 成功載入功能模組: cogs.economy
[2026-06-29 20:54:36] [INFO] 📊 [狀態同步] 已更新狀態：3個伺服器 ｜ 90位用戶
[2026-06-29 20:54:37] [INFO] ✓ 成功同步所有斜線指令！
[2026-06-29 20:54:58] [INFO] 🟢 [指令成功] 伺服器: [多動性遲緩癌] | 使用者: mrtoasterrr(1390260262887755786) | 呼叫: /dice (數量='100', 貨幣類型='萌力值 (MP)') [RAM 狀態 - 機器人: 68.4MB | 系統空閒: 10629.0MB (67.3%已用)]
[2026-06-29 20:55:17] [INFO] 🟢 [指令成功] 伺服器: [多動性遲緩癌] | 使用者: mrtoasterrr(1390260262887755786) | 呼叫: /wheel (下注mp='1000000') [RAM 狀態 - 機器人: 68.4MB | 系統空閒: 10765.8MB (66.8%已用)]
[2026-06-29 20:55:29] [INFO] 🟢 [指令成功] 伺服器: [多動性遲緩癌] | 使用者: mrtoasterrr(1390260262887755786) | 呼叫: /profile () [RAM 狀態 - 機器人: 70.4MB | 系統空閒: 10769.9MB (66.8%已用)]
[2026-06-29 20:55:49] [INFO] 🟢 [指令成功] 伺服器: [多動性遲緩癌] | 使用者: mrtoasterrr(1390260262887755786) | 呼叫: /debug_give (項目='moe_point', 數量='1000000') [RAM 狀態 - 機器人: 70.4MB | 系統空閒: 10487.8MB (67.7%已用)]
[2026-06-29 20:56:10] [ERROR] ☠️ [指令崩潰] 伺服器: [多動性遲緩癌] | 使用者: mrtoasterrr(1390260262887755786) | 指令: /wheel [RAM 狀態 - 機器人: 70.5MB | 系統空閒: 10821.0MB (66.7%已用)]
[2026-06-29 20:56:10] [ERROR] 詳細錯誤追蹤資訊:
Traceback (most recent call last):
  File "C:\Users\user\AppData\Local\Programs\Python\Python313\Lib\site-packages\discord\app_commands\commands.py", line 858, in _do_call
    return await self._callback(self.binding, interaction, **params)  # type: ignore
           ^^^^^^^^^^^^^^^^^^^^^^^^^^^^^^^^^^^^^^^^^^^^^^^^^^^^^^^^^
  File "C:\Users\user\Desktop\JMDC有token\cogs\casino.py", line 243, in casino_wheel
    await spin_msg.edit(embed=embed)
                              ^^^^^
NameError: name 'embed' is not defined

[2026-06-29 20:56:53] [INFO] 🟢 [指令成功] 伺服器: [多動性遲緩癌] | 使用者: mrtoasterrr(1390260262887755786) | 呼叫: /blackjack (下注mp='100000') [RAM 狀態 - 機器人: 70.7MB | 系統空閒: 10595.7MB (67.4%已用)]
[2026-06-29 20:57:59] [INFO] =================================
[2026-06-29 20:57:59] [INFO]  機器人已成功上線！
[2026-06-29 20:57:59] [INFO]  機器人名稱: 神的語言 (ID: 1470993581727813705)
[2026-06-29 20:57:59] [INFO]  目前連線到 3 個伺服器
[2026-06-29 20:57:59] [INFO] =================================
[2026-06-29 20:57:59] [INFO] ✓ 成功載入功能模組: cogs.comic
[2026-06-29 20:57:59] [INFO] ✓ 成功載入功能模組: cogs.admin
[2026-06-29 20:57:59] [INFO] ✓ 成功載入功能模組: cogs.fixlink
[2026-06-29 20:57:59] [INFO] 📡 [Log 轉發] 已自動還原轉發頻道：#測試監控 (mrtoasterrr 的伺服器)
[2026-06-29 20:57:59] [INFO] ✓ 成功載入功能模組: cogs.logrelay
[2026-06-29 20:57:59] [INFO] ✓ 成功載入功能模組: cogs.nzip
[2026-06-29 20:57:59] [INFO] ✓ 成功載入功能模組: cogs.casino
[2026-06-29 20:57:59] [INFO] ✓ 成功載入功能模組: cogs.feedback
[2026-06-29 20:57:59] [INFO] ✓ 成功載入功能模組: cogs.profile_card
[2026-06-29 20:57:59] [INFO] ✓ 成功載入功能模組: cogs.economy
[2026-06-29 20:57:59] [INFO] 📊 [狀態同步] 已更新狀態：3個伺服器 ｜ 90位用戶
[2026-06-29 20:57:59] [INFO] ✓ 成功同步所有斜線指令！
[2026-06-29 20:58:08] [INFO] 🟢 [指令成功] 伺服器: [多動性遲緩癌] | 使用者: mrtoasterrr(1390260262887755786) | 呼叫: /wheel (下注mp='100000') [RAM 狀態 - 機器人: 69.0MB | 系統空閒: 10576.1MB (67.4%已用)]
[2026-06-29 21:02:49] [INFO] =================================
[2026-06-29 21:02:49] [INFO]  機器人已成功上線！
[2026-06-29 21:02:49] [INFO]  機器人名稱: 神的語言 (ID: 1470993581727813705)
[2026-06-29 21:02:49] [INFO]  目前連線到 3 個伺服器
[2026-06-29 21:02:49] [INFO] =================================
[2026-06-29 21:02:49] [INFO] ✓ 成功載入功能模組: cogs.comic
[2026-06-29 21:02:49] [INFO] ✓ 成功載入功能模組: cogs.admin
[2026-06-29 21:02:49] [INFO] ✓ 成功載入功能模組: cogs.fixlink
[2026-06-29 21:02:49] [INFO] 📡 [Log 轉發] 已自動還原轉發頻道：#測試監控 (mrtoasterrr 的伺服器)
[2026-06-29 21:02:49] [INFO] ✓ 成功載入功能模組: cogs.logrelay
[2026-06-29 21:02:49] [INFO] ✓ 成功載入功能模組: cogs.nzip
[2026-06-29 21:02:49] [INFO] ✓ 成功載入功能模組: cogs.casino
[2026-06-29 21:02:49] [INFO] ✓ 成功載入功能模組: cogs.feedback
[2026-06-29 21:02:49] [INFO] ✓ 成功載入功能模組: cogs.profile_card
[2026-06-29 21:02:49] [INFO] ✓ 成功載入功能模組: cogs.economy
[2026-06-29 21:02:49] [INFO] 📊 [狀態同步] 已更新狀態：3個伺服器 ｜ 90位用戶
[2026-06-29 21:02:51] [INFO] ✓ 成功同步所有斜線指令！
[2026-06-29 21:02:54] [INFO] 🟢 [指令成功] 伺服器: [多動性遲緩癌] | 使用者: mrtoasterrr(1390260262887755786) | 呼叫: /help () [RAM 狀態 - 機器人: 68.6MB | 系統空閒: 10239.3MB (68.5%已用)]
